<?xml version="1.0" encoding="UTF-8"?>
<testsuite xmlns:xsi="http://www.w3.org/2001/XMLSchema-instance" xsi:noNamespaceSchemaLocation="https://maven.apache.org/surefire/maven-surefire-plugin/xsd/surefire-test-report.xsd" name="app.MainApplicationTest" time="0.366" tests="11" errors="0" skipped="0" failures="0">
  <properties>
[...]
</properties>
  <testcase name="tc_1_addStudentValidName" classname="app.MainApplicationTest" time="0.186"/>
  <testcase name="tc_3_addAssignmentInvalidId" classname="app.MainApplicationTest" time="0.01"/>
  <testcase name="tc_4_addAssignmentInvalidDescription" classname="app.MainApplicationTest" time="0.025"/>
  <testcase name="tc_2_addAssignmentInvalidDeadline" classname="app.MainApplicationTest" time="0.006"/>
  <testcase name="tc_1_addAssignmentValidDeadline" classname="app.MainApplicationTest" time="0.013"/>
  <testcase name="tc_2_addStudentInvalidName" classname="app.MainApplicationTest" time="0.009"/>
  <testcase name="tc_3_addStudentValidGroup" classname="app.MainApplicationTest" time="0.015"/>
  <testcase name="tc_6_addStudentInvalidEmail" classname="app.MainApplicationTest" time="0.008"/>
  <testcase name="tc_5_addStudentValidEmail" classname="app.MainApplicationTest" time="0.01"/>
  <testcase name="tc_4_addStudentInvalidGroup" classname="app.MainApplicationTest" time="0.007"/>
  <testcase name="tc_5_addAssignmentInvalidTurnIn" classname="app.MainApplicationTest" time="0.005"/>
</testsuite>